Using pre-set license
Built from '2022.3/staging' branch; Version is '2022.3.7f1 (b16b3b16c7a0) revision 11627323'; Using compiler version '192829333'; Build Type 'Release'
OS: 'Windows 10  (10.0.19045) 64bit Professional' Language: 'en' Physical Memory: 32689 MB
BatchMode: 1, IsHumanControllingUs: 0, StartBugReporterOnCrash: 0, Is64bit: 1, IsPro: 1

COMMAND LINE ARGUMENTS:
D:\Unity\2022.3.7f1\Editor\Unity.exe
-adb2
-batchMode
-noUpm
-name
AssetImportWorker3
-projectPath
E:/UnityProjects/ClassWorkspace/ClassWorkspace
-logFile
Logs/AssetImportWorker3.log
-srvPort
61422
Successfully changed project path to: E:/UnityProjects/ClassWorkspace/ClassWorkspace
E:/UnityProjects/ClassWorkspace/ClassWorkspace
[UnityMemory] Configuration Parameters - Can be set up in boot.config
    "memorysetup-bucket-allocator-granularity=16"
    "memorysetup-bucket-allocator-bucket-count=8"
    "memorysetup-bucket-allocator-block-size=33554432"
    "memorysetup-bucket-allocator-block-count=8"
    "memorysetup-main-allocator-block-size=16777216"
    "memorysetup-thread-allocator-block-size=16777216"
    "memorysetup-gfx-main-allocator-block-size=16777216"
    "memorysetup-gfx-thread-allocator-block-size=16777216"
    "memorysetup-cache-allocator-block-size=4194304"
    "memorysetup-typetree-allocator-block-size=2097152"
    "memorysetup-profiler-bucket-allocator-granularity=16"
    "memorysetup-profiler-bucket-allocator-bucket-count=8"
    "memorysetup-profiler-bucket-allocator-block-size=33554432"
    "memorysetup-profiler-bucket-allocator-block-count=8"
    "memorysetup-profiler-allocator-block-size=16777216"
    "memorysetup-profiler-editor-allocator-block-size=1048576"
    "memorysetup-temp-allocator-size-main=16777216"
    "memorysetup-job-temp-allocator-block-size=2097152"
    "memorysetup-job-temp-allocator-block-size-background=1048576"
    "memorysetup-job-temp-allocator-reduction-small-platforms=262144"
    "memorysetup-allocator-temp-initial-block-size-main=262144"
    "memorysetup-allocator-temp-initial-block-size-worker=262144"
    "memorysetup-temp-allocator-size-background-worker=32768"
    "memorysetup-temp-allocator-size-job-worker=262144"
    "memorysetup-temp-allocator-size-preload-manager=33554432"
    "memorysetup-temp-allocator-size-nav-mesh-worker=65536"
    "memorysetup-temp-allocator-size-audio-worker=65536"
    "memorysetup-temp-allocator-size-cloud-worker=32768"
    "memorysetup-temp-allocator-size-gi-baking-worker=262144"
    "memorysetup-temp-allocator-size-gfx=262144"
Player connection [24552] Host "[IP] 192.168.0.18 [Port] 0 [Flags] 2 [Guid] 4131339658 [EditorId] 4131339658 [Version] 1048832 [Id] WindowsEditor(7,Wyatt-PC) [Debug] 1 [PackageName] WindowsEditor [ProjectName] Editor" joined multi-casting on [225.0.0.222:54997]...

Player connection [24552] Host "[IP] 192.168.0.18 [Port] 0 [Flags] 2 [Guid] 4131339658 [EditorId] 4131339658 [Version] 1048832 [Id] WindowsEditor(7,Wyatt-PC) [Debug] 1 [PackageName] WindowsEditor [ProjectName] Editor" joined alternative multi-casting on [225.0.0.222:34997]...

Refreshing native plugins compatible for Editor in 16.57 ms, found 3 plugins.
Preloading 0 native plugins for Editor in 0.00 ms.
Initialize engine version: 2022.3.7f1 (b16b3b16c7a0)
[Subsystems] Discovering subsystems at path D:/Unity/2022.3.7f1/Editor/Data/Resources/UnitySubsystems
[Subsystems] Discovering subsystems at path E:/UnityProjects/ClassWorkspace/ClassWorkspace/Assets
GfxDevice: creating device client; threaded=0; jobified=0
Direct3D:
    Version:  Direct3D 11.0 [level 11.1]
    Renderer: AMD Radeon RX 5700 XT (ID=0x731f)
    Vendor:   ATI
    VRAM:     8151 MB
    Driver:   31.0.21001.45002
Initialize mono
Mono path[0] = 'D:/Unity/2022.3.7f1/Editor/Data/Managed'
Mono path[1] = 'D:/Unity/2022.3.7f1/Editor/Data/MonoBleedingEdge/lib/mono/unityjit-win32'
Mono config path = 'D:/Unity/2022.3.7f1/Editor/Data/MonoBleedingEdge/etc'
Using monoOptions --debugger-agent=transport=dt_socket,embedding=1,server=y,suspend=n,address=127.0.0.1:56012
Begin MonoManager ReloadAssembly
Registering precompiled unity dll's ...
Register platform support module: D:/Unity/2022.3.7f1/Editor/Data/PlaybackEngines/WindowsStandaloneSupport/UnityEditor.WindowsStandalone.Extensions.dll
Registered in 0.004303 seconds.
- Loaded All Assemblies, in  0.338 seconds
Native extension for WindowsStandalone target not found
Mono: successfully reloaded assembly
- Finished resetting the current domain, in  0.247 seconds
Domain Reload Profiling: 584ms
	BeginReloadAssembly (111ms)
		ExecutionOrderSort (0ms)
		DisableScriptedObjects (0ms)
		BackupInstance (0ms)
		ReleaseScriptingObjects (0ms)
		CreateAndSetChildDomain (1ms)
	RebuildCommonClasses (35ms)
	RebuildNativeTypeToScriptingClass (11ms)
	initialDomainReloadingComplete (49ms)
	LoadAllAssembliesAndSetupDomain (131ms)
		LoadAssemblies (111ms)
		RebuildTransferFunctionScriptingTraits (0ms)
		AnalyzeDomain (129ms)
			TypeCache.Refresh (127ms)
				TypeCache.ScanAssembly (113ms)
			ScanForSourceGeneratedMonoScriptInfo (0ms)
			ResolveRequiredComponents (1ms)
	FinalizeReload (247ms)
		ReleaseScriptCaches (0ms)
		RebuildScriptCaches (0ms)
		SetupLoadedEditorAssemblies (190ms)
			LogAssemblyErrors (0ms)
			InitializePlatformSupportModulesInManaged (8ms)
			SetLoadedEditorAssemblies (7ms)
			RefreshPlugins (0ms)
			BeforeProcessingInitializeOnLoad (2ms)
			ProcessInitializeOnLoadAttributes (125ms)
			ProcessInitializeOnLoadMethodAttributes (49ms)
			AfterProcessingInitializeOnLoad (0ms)
			EditorAssembliesLoaded (0ms)
		ExecutionOrderSort2 (0ms)
		AwakeInstancesAfterBackupRestoration (0ms)
========================================================================
Worker process is ready to serve import requests
Begin MonoManager ReloadAssembly
Symbol file LoadedFromMemory doesn't match image E:\UnityProjects\ClassWorkspace\ClassWorkspace\Library\PackageCache\com.unity.visualscripting@1.8.0\Editor\VisualScripting.Core\Dependencies\YamlDotNet\Unity.VisualScripting.YamlDotNet.dll
Symbol file LoadedFromMemory doesn't match image E:\UnityProjects\ClassWorkspace\ClassWorkspace\Library\PackageCache\com.unity.visualscripting@1.8.0\Editor\VisualScripting.Core\Dependencies\DotNetZip\Unity.VisualScripting.IonicZip.dll
- Loaded All Assemblies, in  0.726 seconds
Refreshing native plugins compatible for Editor in 7.02 ms, found 3 plugins.
Native extension for WindowsStandalone target not found
Mono: successfully reloaded assembly
- Finished resetting the current domain, in  0.709 seconds
Domain Reload Profiling: 1430ms
	BeginReloadAssembly (154ms)
		ExecutionOrderSort (0ms)
		DisableScriptedObjects (5ms)
		BackupInstance (0ms)
		ReleaseScriptingObjects (0ms)
		CreateAndSetChildDomain (21ms)
	RebuildCommonClasses (33ms)
	RebuildNativeTypeToScriptingClass (11ms)
	initialDomainReloadingComplete (26ms)
	LoadAllAssembliesAndSetupDomain (497ms)
		LoadAssemblies (369ms)
		RebuildTransferFunctionScriptingTraits (0ms)
		AnalyzeDomain (219ms)
			TypeCache.Refresh (183ms)
				TypeCache.ScanAssembly (169ms)
			ScanForSourceGeneratedMonoScriptInfo (21ms)
			ResolveRequiredComponents (13ms)
	FinalizeReload (710ms)
		ReleaseScriptCaches (0ms)
		RebuildScriptCaches (0ms)
		SetupLoadedEditorAssemblies (566ms)
			LogAssemblyErrors (0ms)
			InitializePlatformSupportModulesInManaged (4ms)
			SetLoadedEditorAssemblies (3ms)
			RefreshPlugins (0ms)
			BeforeProcessingInitializeOnLoad (83ms)
			ProcessInitializeOnLoadAttributes (412ms)
			ProcessInitializeOnLoadMethodAttributes (61ms)
			AfterProcessingInitializeOnLoad (3ms)
			EditorAssembliesLoaded (0ms)
		ExecutionOrderSort2 (0ms)
		AwakeInstancesAfterBackupRestoration (6ms)
Launched and connected shader compiler UnityShaderCompiler.exe after 0.05 seconds
Refreshing native plugins compatible for Editor in 7.08 ms, found 3 plugins.
Preloading 0 native plugins for Editor in 0.00 ms.
Unloading 5173 Unused Serialized files (Serialized files now loaded: 0)
Unloading 72 unused Assets / (350.5 KB). Loaded Objects now: 5635.
Memory consumption went from 200.3 MB to 199.9 MB.
Total: 3.858400 ms (FindLiveObjects: 0.428000 ms CreateObjectMapping: 0.144900 ms MarkObjects: 3.094100 ms  DeleteObjects: 0.190100 ms)

AssetImportParameters requested are different than current active one (requested -> active):
  custom:container-demuxer-ogg: 62fdf1f143b41e24485cea50d1cbac27 -> 
  custom:video-decoder-ogg-theora: a1e56fd34408186e4bbccfd4996cb3dc -> 
  custom:framework-win-MediaFoundation: 216162199b28c13a410421893ffa2e32 -> 
  custom:CustomObjectIndexerAttribute: a3ef5dd2817f97addfee359851a9dba5 -> 
  custom:container-demuxer-webm: 4f35f7cbe854078d1ac9338744f61a02 -> 
  custom:container-muxer-webm: aa71ff27fc2769a1b78a27578f13a17b -> 
  custom:video-decoder-webm-vp8: 9c59270c3fd7afecdb556c50c9e8de78 -> 
  custom:SearchIndexIgnoredProperties: e643bd26f0fe6173181afceb89e7c659 -> 
  custom:AudioImporter_EditorPlatform: d09bf68614088b80899f8185d706f6e7 -> 
  custom:video-encoder-webm-vp8: eb34c28f22e8b96e1ab97ce403110664 -> 
  custom:audio-decoder-ogg-vorbis: bf7c407c2cedff20999df2af8eb42d56 -> 
  custom:audio-encoder-webm-vorbis: bf7c407c2cedff20999df2af8eb42d56 -> 
========================================================================
Received Import Request.
  Time since last request: 158653.707247 seconds.
  path: Assets/PlatformerSet1/AnimCharacter/attack-03.png
  artifactKey: Guid(0eb6b104a0a66294dadc3d37f183f3f3) Importer(815301076,1909f56bfc062723c751e8b465ee728b)
Start importing Assets/PlatformerSet1/AnimCharacter/attack-03.png using Guid(0eb6b104a0a66294dadc3d37f183f3f3) Importer(815301076,1909f56bfc062723c751e8b465ee728b)  -> (artifact id: '7c989658e69c8edcc5f04a3f60cff787') in 0.012523 seconds
Number of updated asset objects reloaded before import = 0
Number of asset objects unloaded after import = 2
========================================================================
Received Import Request.
  Time since last request: 0.000013 seconds.
  path: Assets/PlatformerSet1/AnimCharacter/idle-04.png
  artifactKey: Guid(16e0b4075bac60944a93243d59b4a5e1) Importer(815301076,1909f56bfc062723c751e8b465ee728b)
Start importing Assets/PlatformerSet1/AnimCharacter/idle-04.png using Guid(16e0b4075bac60944a93243d59b4a5e1) Importer(815301076,1909f56bfc062723c751e8b465ee728b)  -> (artifact id: 'd6b35b81699d603896f7515e6b221364') in 0.001578 seconds
Number of updated asset objects reloaded before import = 0
Number of asset objects unloaded after import = 2
========================================================================
Received Import Request.
  Time since last request: 0.000014 seconds.
  path: Assets/PlatformerSet1/AnimCharacter/idle-03.png
  artifactKey: Guid(a8e288923c970694791ff016139f47c2) Importer(815301076,1909f56bfc062723c751e8b465ee728b)
Start importing Assets/PlatformerSet1/AnimCharacter/idle-03.png using Guid(a8e288923c970694791ff016139f47c2) Importer(815301076,1909f56bfc062723c751e8b465ee728b)  -> (artifact id: 'b44755114640a05f93fe6cffe6edad94') in 0.001290 seconds
Number of updated asset objects reloaded before import = 0
Number of asset objects unloaded after import = 2
========================================================================
Received Import Request.
  Time since last request: 0.000011 seconds.
  path: Assets/PlatformerSet1/AnimCharacter/jump-landing-02.png
  artifactKey: Guid(597769dfa50f898449f4bf6e9dbe5bcb) Importer(815301076,1909f56bfc062723c751e8b465ee728b)
Start importing Assets/PlatformerSet1/AnimCharacter/jump-landing-02.png using Guid(597769dfa50f898449f4bf6e9dbe5bcb) Importer(815301076,1909f56bfc062723c751e8b465ee728b)  -> (artifact id: '397624de476ffd7694c4f16037eac9de') in 0.001562 seconds
Number of updated asset objects reloaded before import = 0
Number of asset objects unloaded after import = 2
========================================================================
Received Import Request.
  Time since last request: 0.000013 seconds.
  path: Assets/PlatformerSet1/AnimCharacter/run-07.png
  artifactKey: Guid(240b3cc68b220a34eae06c686706d78b) Importer(815301076,1909f56bfc062723c751e8b465ee728b)
Start importing Assets/PlatformerSet1/AnimCharacter/run-07.png using Guid(240b3cc68b220a34eae06c686706d78b) Importer(815301076,1909f56bfc062723c751e8b465ee728b)  -> (artifact id: '09dd071cb03c942648b5f11db2888c9f') in 0.001372 seconds
Number of updated asset objects reloaded before import = 0
Number of asset objects unloaded after import = 2
========================================================================
Received Import Request.
  Time since last request: 0.000012 seconds.
  path: Assets/PlatformerSet1/AnimCharacter/run-01.png
  artifactKey: Guid(5f5bf2fc3eb067c459a4f3c7d19e0cf5) Importer(815301076,1909f56bfc062723c751e8b465ee728b)
Start importing Assets/PlatformerSet1/AnimCharacter/run-01.png using Guid(5f5bf2fc3eb067c459a4f3c7d19e0cf5) Importer(815301076,1909f56bfc062723c751e8b465ee728b)  -> (artifact id: '7a634cde8b181c380ce8e80cc96525af') in 0.001369 seconds
Number of updated asset objects reloaded before import = 0
Number of asset objects unloaded after import = 2
========================================================================
Received Import Request.
  Time since last request: 0.000012 seconds.
  path: Assets/PlatformerSet1/AnimCharacter/attack-05.png
  artifactKey: Guid(795b97dd4efe7c748885440b5a8daa8a) Importer(815301076,1909f56bfc062723c751e8b465ee728b)
Start importing Assets/PlatformerSet1/AnimCharacter/attack-05.png using Guid(795b97dd4efe7c748885440b5a8daa8a) Importer(815301076,1909f56bfc062723c751e8b465ee728b)  -> (artifact id: 'fa73729cc6468c9bf5d1afbe95cbe58e') in 0.001277 seconds
Number of updated asset objects reloaded before import = 0
Number of asset objects unloaded after import = 2
========================================================================
Received Import Request.
  Time since last request: 0.000012 seconds.
  path: Assets/PlatformerSet1/AnimCharacter/dead-04.png
  artifactKey: Guid(6084c3266f6e1334b9064a3492638c09) Importer(815301076,1909f56bfc062723c751e8b465ee728b)
Start importing Assets/PlatformerSet1/AnimCharacter/dead-04.png using Guid(6084c3266f6e1334b9064a3492638c09) Importer(815301076,1909f56bfc062723c751e8b465ee728b)  -> (artifact id: '2fecec7a0e4155622a2f16d67462ddbc') in 0.001472 seconds
Number of updated asset objects reloaded before import = 0
Number of asset objects unloaded after import = 2
========================================================================
Received Import Request.
  Time since last request: 0.000013 seconds.
  path: Assets/PlatformerSet1/AnimCharacter/run-06.png
  artifactKey: Guid(e07e6ac5c1a771047992af284fffad1a) Importer(815301076,1909f56bfc062723c751e8b465ee728b)
Start importing Assets/PlatformerSet1/AnimCharacter/run-06.png using Guid(e07e6ac5c1a771047992af284fffad1a) Importer(815301076,1909f56bfc062723c751e8b465ee728b)  -> (artifact id: '4867b9b4d0f1cb2f08f510cb3c4b0c51') in 0.001588 seconds
Number of updated asset objects reloaded before import = 0
Number of asset objects unloaded after import = 2
========================================================================
Received Import Request.
  Time since last request: 2.292390 seconds.
  path: Assets/PlatformerSet1/Animated/diamond-03.png
  artifactKey: Guid(2105a7dfce2b6244098a6dddc301576b) Importer(815301076,1909f56bfc062723c751e8b465ee728b)
Start importing Assets/PlatformerSet1/Animated/diamond-03.png using Guid(2105a7dfce2b6244098a6dddc301576b) Importer(815301076,1909f56bfc062723c751e8b465ee728b)  -> (artifact id: 'c21e5bf3ee15765b9f29bdf9a8019950') in 0.001615 seconds
Number of updated asset objects reloaded before import = 0
Number of asset objects unloaded after import = 2
========================================================================
Received Import Request.
  Time since last request: 0.000015 seconds.
  path: Assets/PlatformerSet1/Animated/torch-B-02.png
  artifactKey: Guid(d91bf9a5da957184c8591eb7bf16f05a) Importer(815301076,1909f56bfc062723c751e8b465ee728b)
Start importing Assets/PlatformerSet1/Animated/torch-B-02.png using Guid(d91bf9a5da957184c8591eb7bf16f05a) Importer(815301076,1909f56bfc062723c751e8b465ee728b)  -> (artifact id: '2aab5791d625882682b3aa696829a07f') in 0.001460 seconds
Number of updated asset objects reloaded before import = 0
Number of asset objects unloaded after import = 2
========================================================================
Received Import Request.
  Time since last request: 0.000011 seconds.
  path: Assets/PlatformerSet1/Animated/torch-B-01.png
  artifactKey: Guid(58d0cdf51a6f8784d95187054a10ab9f) Importer(815301076,1909f56bfc062723c751e8b465ee728b)
Start importing Assets/PlatformerSet1/Animated/torch-B-01.png using Guid(58d0cdf51a6f8784d95187054a10ab9f) Importer(815301076,1909f56bfc062723c751e8b465ee728b)  -> (artifact id: '8c8956d9a5ca19c291b07c5e94aca0d5') in 0.001484 seconds
Number of updated asset objects reloaded before import = 0
Number of asset objects unloaded after import = 2
========================================================================
Received Import Request.
  Time since last request: 0.000011 seconds.
  path: Assets/PlatformerSet1/Animated/torch-C-02.png
  artifactKey: Guid(40d53443c5f19e942b076aad9edb4bb6) Importer(815301076,1909f56bfc062723c751e8b465ee728b)
Start importing Assets/PlatformerSet1/Animated/torch-C-02.png using Guid(40d53443c5f19e942b076aad9edb4bb6) Importer(815301076,1909f56bfc062723c751e8b465ee728b)  -> (artifact id: 'b9f56a12a8ac3f48e667bf70d34842dd') in 0.001325 seconds
Number of updated asset objects reloaded before import = 0
Number of asset objects unloaded after import = 2
========================================================================
Received Import Request.
  Time since last request: 0.000017 seconds.
  path: Assets/PlatformerSet1/Animated/light-01.png
  artifactKey: Guid(ac7afdfbc618d124f826084a1e54b5ad) Importer(815301076,1909f56bfc062723c751e8b465ee728b)
Start importing Assets/PlatformerSet1/Animated/light-01.png using Guid(ac7afdfbc618d124f826084a1e54b5ad) Importer(815301076,1909f56bfc062723c751e8b465ee728b)  -> (artifact id: '1879a91e8ecda9cfa119d012051e4e02') in 0.001393 seconds
Number of updated asset objects reloaded before import = 0
Number of asset objects unloaded after import = 2
========================================================================
Received Import Request.
  Time since last request: 0.000016 seconds.
  path: Assets/PlatformerSet1/Animated/torch-B-03.png
  artifactKey: Guid(a8ca647143faf9f44a2abdab30c3968e) Importer(815301076,1909f56bfc062723c751e8b465ee728b)
Start importing Assets/PlatformerSet1/Animated/torch-B-03.png using Guid(a8ca647143faf9f44a2abdab30c3968e) Importer(815301076,1909f56bfc062723c751e8b465ee728b)  -> (artifact id: '1affb2cf1ab1d6fe5f0f756b1b0b48e1') in 0.001332 seconds
Number of updated asset objects reloaded before import = 0
Number of asset objects unloaded after import = 2
========================================================================
Received Import Request.
  Time since last request: 0.000012 seconds.
  path: Assets/PlatformerSet1/Animated/torch-B-04.png
  artifactKey: Guid(914130d475273ef498c193d17bc4ab47) Importer(815301076,1909f56bfc062723c751e8b465ee728b)
Start importing Assets/PlatformerSet1/Animated/torch-B-04.png using Guid(914130d475273ef498c193d17bc4ab47) Importer(815301076,1909f56bfc062723c751e8b465ee728b)  -> (artifact id: 'a35456b17861dc62e2838b68776013b6') in 0.001216 seconds
Number of updated asset objects reloaded before import = 0
Number of asset objects unloaded after import = 2
========================================================================
Received Import Request.
  Time since last request: 241.221328 seconds.
  path: Assets/ExampleAssets/Models/paintbucket_low.fbx
  artifactKey: Guid(b451a052397f03c4f8a04d915d1c0492) Importer(815301076,1909f56bfc062723c751e8b465ee728b)
Start importing Assets/ExampleAssets/Models/paintbucket_low.fbx using Guid(b451a052397f03c4f8a04d915d1c0492) Importer(815301076,1909f56bfc062723c751e8b465ee728b)  -> (artifact id: 'c673a32cf2c39a0a1e0d08b3c5b96a8a') in 0.003727 seconds
Number of updated asset objects reloaded before import = 0
Number of asset objects unloaded after import = 22
========================================================================
Received Import Request.
  Time since last request: 0.000013 seconds.
  path: Assets/ExampleAssets/Materials/Plastic_Yellow_Mat.mat
  artifactKey: Guid(bd2d742ee2ce7a740ae0cf992a38be74) Importer(815301076,1909f56bfc062723c751e8b465ee728b)
Start importing Assets/ExampleAssets/Materials/Plastic_Yellow_Mat.mat using Guid(bd2d742ee2ce7a740ae0cf992a38be74) Importer(815301076,1909f56bfc062723c751e8b465ee728b)  -> (artifact id: '281dd2442d7d48e5e4733aa29b124e58') in 0.001651 seconds
Number of updated asset objects reloaded before import = 0
Number of asset objects unloaded after import = 1
========================================================================
Received Import Request.
  Time since last request: 0.000014 seconds.
  path: Assets/ExampleAssets/Models/Workbench.fbx
  artifactKey: Guid(efe9381559c516743bd05cef82f39ebb) Importer(815301076,1909f56bfc062723c751e8b465ee728b)
Start importing Assets/ExampleAssets/Models/Workbench.fbx using Guid(efe9381559c516743bd05cef82f39ebb) Importer(815301076,1909f56bfc062723c751e8b465ee728b)  -> (artifact id: '161aea18454d3ceccfe204b81b244666') in 0.003478 seconds
Number of updated asset objects reloaded before import = 0
Number of asset objects unloaded after import = 34
========================================================================
Received Import Request.
  Time since last request: 3.252619 seconds.
  path: Assets/ExampleAssets/Materials/ConstructionLight_Mat.mat
  artifactKey: Guid(49076442eeb7e054b8e8869f8b40656d) Importer(815301076,1909f56bfc062723c751e8b465ee728b)
Start importing Assets/ExampleAssets/Materials/ConstructionLight_Mat.mat using Guid(49076442eeb7e054b8e8869f8b40656d) Importer(815301076,1909f56bfc062723c751e8b465ee728b)  -> (artifact id: '9377ec716b8c53557ab334fa1eddaf6b') in 0.001271 seconds
Number of updated asset objects reloaded before import = 0
Number of asset objects unloaded after import = 1
========================================================================
Received Import Request.
  Time since last request: 0.000014 seconds.
  path: Assets/ExampleAssets/Materials/DryWall_Mat.mat
  artifactKey: Guid(a68228c24abfa2f4b8954d7b0148f799) Importer(815301076,1909f56bfc062723c751e8b465ee728b)
Start importing Assets/ExampleAssets/Materials/DryWall_Mat.mat using Guid(a68228c24abfa2f4b8954d7b0148f799) Importer(815301076,1909f56bfc062723c751e8b465ee728b)  -> (artifact id: '1f84a23e50e5b3b8f4acdb530b724665') in 0.001179 seconds
Number of updated asset objects reloaded before import = 0
Number of asset objects unloaded after import = 1
========================================================================
Received Import Request.
  Time since last request: 0.000016 seconds.
  path: Assets/ExampleAssets/Materials/DryWallPainted_Mat.mat
  artifactKey: Guid(9b8eadc4de0544646b75ddcc43f8fd06) Importer(815301076,1909f56bfc062723c751e8b465ee728b)
Start importing Assets/ExampleAssets/Materials/DryWallPainted_Mat.mat using Guid(9b8eadc4de0544646b75ddcc43f8fd06) Importer(815301076,1909f56bfc062723c751e8b465ee728b)  -> (artifact id: '01566c7ddd1ad2eae55947950cf62483') in 0.001130 seconds
Number of updated asset objects reloaded before import = 0
Number of asset objects unloaded after import = 1
========================================================================
Received Import Request.
  Time since last request: 248.596936 seconds.
  path: Assets/ExampleAssets/Materials/Strap_Mat.mat
  artifactKey: Guid(81c1860e7800e5340bf8a54c565ba9ea) Importer(815301076,1909f56bfc062723c751e8b465ee728b)
Start importing Assets/ExampleAssets/Materials/Strap_Mat.mat using Guid(81c1860e7800e5340bf8a54c565ba9ea) Importer(815301076,1909f56bfc062723c751e8b465ee728b)  -> (artifact id: '398f0cf4f9b4a4d00b37200d626702b6') in 0.001270 seconds
Number of updated asset objects reloaded before import = 0
Number of asset objects unloaded after import = 1
========================================================================
Received Import Request.
  Time since last request: 1.044985 seconds.
  path: Assets/ExampleAssets/Materials/Plastic_Rough_Mat.mat
  artifactKey: Guid(a5aaee4111611af43b5abbff184fe5fa) Importer(815301076,1909f56bfc062723c751e8b465ee728b)
Start importing Assets/ExampleAssets/Materials/Plastic_Rough_Mat.mat using Guid(a5aaee4111611af43b5abbff184fe5fa) Importer(815301076,1909f56bfc062723c751e8b465ee728b)  -> (artifact id: '96618b3d71255be60cc692c99634b1a5') in 0.001163 seconds
Number of updated asset objects reloaded before import = 0
Number of asset objects unloaded after import = 1
========================================================================
Received Import Request.
  Time since last request: 0.019939 seconds.
  path: Assets/ExampleAssets/Materials/PaintLabel_Mat.mat
  artifactKey: Guid(3da4aad06945bbf4baf801c2aacbc01e) Importer(815301076,1909f56bfc062723c751e8b465ee728b)
Start importing Assets/ExampleAssets/Materials/PaintLabel_Mat.mat using Guid(3da4aad06945bbf4baf801c2aacbc01e) Importer(815301076,1909f56bfc062723c751e8b465ee728b)  -> (artifact id: '5f8614d30d5aa380411462505db9873c') in 0.001158 seconds
Number of updated asset objects reloaded before import = 0
Number of asset objects unloaded after import = 1
========================================================================
Received Import Request.
  Time since last request: 79.155112 seconds.
  path: Assets/Tiles/main_lev_build_1.asset
  artifactKey: Guid(39fce24dfebc8984e8b37891cfe409ee) Importer(815301076,1909f56bfc062723c751e8b465ee728b)
Start importing Assets/Tiles/main_lev_build_1.asset using Guid(39fce24dfebc8984e8b37891cfe409ee) Importer(815301076,1909f56bfc062723c751e8b465ee728b)  -> (artifact id: 'fba021c8906766fc95fddf2cb5b8e769') in 0.003277 seconds
Number of updated asset objects reloaded before import = 0
Number of asset objects unloaded after import = 2
========================================================================
Received Import Request.
  Time since last request: 0.000017 seconds.
  path: Assets/Tiles/main_lev_build_3.asset
  artifactKey: Guid(9803390bc3cbd39468cbc0ec486f26ee) Importer(815301076,1909f56bfc062723c751e8b465ee728b)
Start importing Assets/Tiles/main_lev_build_3.asset using Guid(9803390bc3cbd39468cbc0ec486f26ee) Importer(815301076,1909f56bfc062723c751e8b465ee728b)  -> (artifact id: '91383fb77b60ca40993b0691e2527281') in 0.001850 seconds
Number of updated asset objects reloaded before import = 0
Number of asset objects unloaded after import = 2
========================================================================
Received Import Request.
  Time since last request: 0.000013 seconds.
  path: Assets/Tiles/main_lev_build_6.asset
  artifactKey: Guid(c91e729aa9841b7489e239358e4f802b) Importer(815301076,1909f56bfc062723c751e8b465ee728b)
Start importing Assets/Tiles/main_lev_build_6.asset using Guid(c91e729aa9841b7489e239358e4f802b) Importer(815301076,1909f56bfc062723c751e8b465ee728b)  -> (artifact id: 'fb2954dcec2490c2f5bf37e3d9b4c9b1') in 0.001440 seconds
Number of updated asset objects reloaded before import = 0
Number of asset objects unloaded after import = 2
========================================================================
Received Import Request.
  Time since last request: 0.000011 seconds.
  path: Assets/Tiles/main_lev_build_14.asset
  artifactKey: Guid(4dfcb77a652d44e4ea5091a8bb236091) Importer(815301076,1909f56bfc062723c751e8b465ee728b)
Start importing Assets/Tiles/main_lev_build_14.asset using Guid(4dfcb77a652d44e4ea5091a8bb236091) Importer(815301076,1909f56bfc062723c751e8b465ee728b)  -> (artifact id: '323c624a5a191dc7cc656f3923453a2f') in 0.002204 seconds
Number of updated asset objects reloaded before import = 0
Number of asset objects unloaded after import = 2
========================================================================
Received Import Request.
  Time since last request: 0.000014 seconds.
  path: Assets/Tiles/main_lev_build_28.asset
  artifactKey: Guid(fbcb626a01f1e2441be4bac9695c2fbf) Importer(815301076,1909f56bfc062723c751e8b465ee728b)
Start importing Assets/Tiles/main_lev_build_28.asset using Guid(fbcb626a01f1e2441be4bac9695c2fbf) Importer(815301076,1909f56bfc062723c751e8b465ee728b)  -> (artifact id: 'be3129af350b69966e001306d2175131') in 0.001798 seconds
Number of updated asset objects reloaded before import = 0
Number of asset objects unloaded after import = 2
========================================================================
Received Import Request.
  Time since last request: 0.000015 seconds.
  path: Assets/Tiles/main_lev_build_41.asset
  artifactKey: Guid(77fbd9b3eb06f6447988b61806fd3443) Importer(815301076,1909f56bfc062723c751e8b465ee728b)
Start importing Assets/Tiles/main_lev_build_41.asset using Guid(77fbd9b3eb06f6447988b61806fd3443) Importer(815301076,1909f56bfc062723c751e8b465ee728b)  -> (artifact id: 'fbecb5548a418c1aa56b59ef35f31551') in 0.001463 seconds
Number of updated asset objects reloaded before import = 0
Number of asset objects unloaded after import = 2
========================================================================
Received Import Request.
  Time since last request: 0.000013 seconds.
  path: Assets/Tiles/main_lev_build_37.asset
  artifactKey: Guid(2733addf76d255a43a7b5c378076208f) Importer(815301076,1909f56bfc062723c751e8b465ee728b)
Start importing Assets/Tiles/main_lev_build_37.asset using Guid(2733addf76d255a43a7b5c378076208f) Importer(815301076,1909f56bfc062723c751e8b465ee728b)  -> (artifact id: '7ff7a6f4fe87979956680c1750fed82a') in 0.001764 seconds
Number of updated asset objects reloaded before import = 0
Number of asset objects unloaded after import = 2
========================================================================
Received Import Request.
  Time since last request: 0.000013 seconds.
  path: Assets/Tiles/main_lev_build_35.asset
  artifactKey: Guid(389f03835b7a13c4b9552b9d80b06d88) Importer(815301076,1909f56bfc062723c751e8b465ee728b)
Start importing Assets/Tiles/main_lev_build_35.asset using Guid(389f03835b7a13c4b9552b9d80b06d88) Importer(815301076,1909f56bfc062723c751e8b465ee728b)  -> (artifact id: '62144e15cde8bedba117d556ff5b7e83') in 0.001610 seconds
Number of updated asset objects reloaded before import = 0
Number of asset objects unloaded after import = 2
========================================================================
Received Import Request.
  Time since last request: 0.000016 seconds.
  path: Assets/Tiles/main_lev_build_29.asset
  artifactKey: Guid(3ea59ba36aa28f14d85e5c666f79f78d) Importer(815301076,1909f56bfc062723c751e8b465ee728b)
Start importing Assets/Tiles/main_lev_build_29.asset using Guid(3ea59ba36aa28f14d85e5c666f79f78d) Importer(815301076,1909f56bfc062723c751e8b465ee728b)  -> (artifact id: 'f84ca6b0611505337b925622e8cf80d3') in 0.001555 seconds
Number of updated asset objects reloaded before import = 0
Number of asset objects unloaded after import = 2
========================================================================
Received Import Request.
  Time since last request: 0.000013 seconds.
  path: Assets/Tiles/main_lev_build_24.asset
  artifactKey: Guid(b37e9bd09808b804cbee76bfe1452131) Importer(815301076,1909f56bfc062723c751e8b465ee728b)
Start importing Assets/Tiles/main_lev_build_24.asset using Guid(b37e9bd09808b804cbee76bfe1452131) Importer(815301076,1909f56bfc062723c751e8b465ee728b)  -> (artifact id: '84f46c5b6f1a7b57eecffa4a29975319') in 0.001632 seconds
Number of updated asset objects reloaded before import = 0
Number of asset objects unloaded after import = 2
========================================================================
Received Import Request.
  Time since last request: 0.000018 seconds.
  path: Assets/Tiles/main_lev_build_10.asset
  artifactKey: Guid(57762f7234355a24ba08a438689b4009) Importer(815301076,1909f56bfc062723c751e8b465ee728b)
Start importing Assets/Tiles/main_lev_build_10.asset using Guid(57762f7234355a24ba08a438689b4009) Importer(815301076,1909f56bfc062723c751e8b465ee728b)  -> (artifact id: '53aede50ad2a84d176a1b7db439b6ca2') in 0.001479 seconds
Number of updated asset objects reloaded before import = 0
Number of asset objects unloaded after import = 2
========================================================================
Received Import Request.
  Time since last request: 0.000020 seconds.
  path: Assets/Tiles/main_lev_build_18.asset
  artifactKey: Guid(d32fc22570cc77747a5936f4e1901297) Importer(815301076,1909f56bfc062723c751e8b465ee728b)
Start importing Assets/Tiles/main_lev_build_18.asset using Guid(d32fc22570cc77747a5936f4e1901297) Importer(815301076,1909f56bfc062723c751e8b465ee728b)  -> (artifact id: '75204f92e7dcf870f8bd8c90a54aa567') in 0.001629 seconds
Number of updated asset objects reloaded before import = 0
Number of asset objects unloaded after import = 2
========================================================================
Received Import Request.
  Time since last request: 0.000012 seconds.
  path: Assets/Tiles/main_lev_build_45.asset
  artifactKey: Guid(7b14e61d63f415f45aeded34c6402aa9) Importer(815301076,1909f56bfc062723c751e8b465ee728b)
Start importing Assets/Tiles/main_lev_build_45.asset using Guid(7b14e61d63f415f45aeded34c6402aa9) Importer(815301076,1909f56bfc062723c751e8b465ee728b)  -> (artifact id: '9a98eca6bbc1e58c8c3565b2648dc975') in 0.001513 seconds
Number of updated asset objects reloaded before import = 0
Number of asset objects unloaded after import = 2
========================================================================
Received Import Request.
  Time since last request: 0.000014 seconds.
  path: Assets/Tiles/main_lev_build_13.asset
  artifactKey: Guid(af2f1e1335d0f96458f861f9ac4157af) Importer(815301076,1909f56bfc062723c751e8b465ee728b)
Start importing Assets/Tiles/main_lev_build_13.asset using Guid(af2f1e1335d0f96458f861f9ac4157af) Importer(815301076,1909f56bfc062723c751e8b465ee728b)  -> (artifact id: 'e070cfefdac03898669f4b5495792fda') in 0.001384 seconds
Number of updated asset objects reloaded before import = 0
Number of asset objects unloaded after import = 2
========================================================================
Received Import Request.
  Time since last request: 0.000010 seconds.
  path: Assets/Tiles/main_lev_build_43.asset
  artifactKey: Guid(09ca4eb008e89854e80fb4eb0db0baf1) Importer(815301076,1909f56bfc062723c751e8b465ee728b)
Start importing Assets/Tiles/main_lev_build_43.asset using Guid(09ca4eb008e89854e80fb4eb0db0baf1) Importer(815301076,1909f56bfc062723c751e8b465ee728b)  -> (artifact id: '15f0b6a27ae20d1d05ea3413f597e713') in 0.001753 seconds
Number of updated asset objects reloaded before import = 0
Number of asset objects unloaded after import = 2
========================================================================
Received Import Request.
  Time since last request: 0.000015 seconds.
  path: Assets/Tiles/main_lev_build_42.asset
  artifactKey: Guid(e63459c5885f0c64dba21327bc39e6c0) Importer(815301076,1909f56bfc062723c751e8b465ee728b)
Start importing Assets/Tiles/main_lev_build_42.asset using Guid(e63459c5885f0c64dba21327bc39e6c0) Importer(815301076,1909f56bfc062723c751e8b465ee728b)  -> (artifact id: 'e7b92b15ef34801ef18fa22e21030e6a') in 0.001498 seconds
Number of updated asset objects reloaded before import = 0
Number of asset objects unloaded after import = 2
========================================================================
Received Import Request.
  Time since last request: 0.000012 seconds.
  path: Assets/Tiles/main_lev_build_40.asset
  artifactKey: Guid(d79c214f38be6e040b471bb925660453) Importer(815301076,1909f56bfc062723c751e8b465ee728b)
Start importing Assets/Tiles/main_lev_build_40.asset using Guid(d79c214f38be6e040b471bb925660453) Importer(815301076,1909f56bfc062723c751e8b465ee728b)  -> (artifact id: '4202f372e716ca9267d61eb9d9e8629f') in 0.001480 seconds
Number of updated asset objects reloaded before import = 0
Number of asset objects unloaded after import = 2
========================================================================
Received Import Request.
  Time since last request: 0.000017 seconds.
  path: Assets/Tiles/main_lev_build_25.asset
  artifactKey: Guid(ae6aec1989fe3c54fbfac87bc976d030) Importer(815301076,1909f56bfc062723c751e8b465ee728b)
Start importing Assets/Tiles/main_lev_build_25.asset using Guid(ae6aec1989fe3c54fbfac87bc976d030) Importer(815301076,1909f56bfc062723c751e8b465ee728b)  -> (artifact id: '7aac056a3e377db92bb87ec2810844a9') in 0.003106 seconds
Number of updated asset objects reloaded before import = 0
Number of asset objects unloaded after import = 2
========================================================================
Received Import Request.
  Time since last request: 0.000013 seconds.
  path: Assets/Tiles/main_lev_build_30.asset
  artifactKey: Guid(8cfe0f7280cb9504496440afc0602561) Importer(815301076,1909f56bfc062723c751e8b465ee728b)
Start importing Assets/Tiles/main_lev_build_30.asset using Guid(8cfe0f7280cb9504496440afc0602561) Importer(815301076,1909f56bfc062723c751e8b465ee728b)  -> (artifact id: '4ad674dfecbcbd3a27ce9305c0f11015') in 0.001477 seconds
Number of updated asset objects reloaded before import = 0
Number of asset objects unloaded after import = 2
========================================================================
Received Import Request.
  Time since last request: 0.000011 seconds.
  path: Assets/Tiles/main_lev_build_15.asset
  artifactKey: Guid(ff4ec905a2f7c0b4586422444263ad39) Importer(815301076,1909f56bfc062723c751e8b465ee728b)
Start importing Assets/Tiles/main_lev_build_15.asset using Guid(ff4ec905a2f7c0b4586422444263ad39) Importer(815301076,1909f56bfc062723c751e8b465ee728b)  -> (artifact id: 'a33547f55b5c1d8c8c9b06432f25a8ee') in 0.001388 seconds
Number of updated asset objects reloaded before import = 0
Number of asset objects unloaded after import = 2
========================================================================
Received Import Request.
  Time since last request: 0.000013 seconds.
  path: Assets/Tiles/main_lev_build_5.asset
  artifactKey: Guid(0c6b17c48a43b9642ba6d46004f8f12d) Importer(815301076,1909f56bfc062723c751e8b465ee728b)
Start importing Assets/Tiles/main_lev_build_5.asset using Guid(0c6b17c48a43b9642ba6d46004f8f12d) Importer(815301076,1909f56bfc062723c751e8b465ee728b)  -> (artifact id: '0bd223ce5abb8180afdb0d31a6fdd6dc') in 0.001754 seconds
Number of updated asset objects reloaded before import = 0
Number of asset objects unloaded after import = 2
========================================================================
Received Import Request.
  Time since last request: 0.000019 seconds.
  path: Assets/Tiles/main_lev_build_9.asset
  artifactKey: Guid(bdf38d1d2a60169489eaa28d4c04e182) Importer(815301076,1909f56bfc062723c751e8b465ee728b)
Start importing Assets/Tiles/main_lev_build_9.asset using Guid(bdf38d1d2a60169489eaa28d4c04e182) Importer(815301076,1909f56bfc062723c751e8b465ee728b)  -> (artifact id: '9bff5d0b50b058881032766e42106ef6') in 0.001461 seconds
Number of updated asset objects reloaded before import = 0
Number of asset objects unloaded after import = 2
========================================================================
Received Import Request.
  Time since last request: 0.000012 seconds.
  path: Assets/Tiles/main_lev_build_19.asset
  artifactKey: Guid(8400a7814619d7b4f9c14e914ef6dae2) Importer(815301076,1909f56bfc062723c751e8b465ee728b)
Start importing Assets/Tiles/main_lev_build_19.asset using Guid(8400a7814619d7b4f9c14e914ef6dae2) Importer(815301076,1909f56bfc062723c751e8b465ee728b)  -> (artifact id: '1a5c1a676ae657fd9fb2e589983af5a1') in 0.001472 seconds
Number of updated asset objects reloaded before import = 0
Number of asset objects unloaded after import = 2
Editor requested this worker to shutdown with reason: Scaling down because of idle timeout
TcpMessagingSession - receive error: operation aborted. errorcode: 995, details: The I/O operation has been aborted because of either a thread exit or an application request.
AssetImportWorker is now disconnected from the server
Process exiting
Exiting without the bug reporter. Application will terminate with return code 0